Performing C SOURCE FILE Test CMAKE_HAVE_LIBC_PTHREAD failed with the following output:
Change Dir: /home/Raymondbty/tek2/suicide_zappy/B-YEP-400-PAR-4-1-zappy-guillaume.clement-bonniel-veyron/CMakeFiles/CMakeTmp

Run Build Command(s):/usr/bin/gmake -f Makefile cmTC_f7386/fast && /usr/bin/gmake  -f CMakeFiles/cmTC_f7386.dir/build.make CMakeFiles/cmTC_f7386.dir/build
gmake[1]: Entering directory '/home/Raymondbty/tek2/suicide_zappy/B-YEP-400-PAR-4-1-zappy-guillaume.clement-bonniel-veyron/CMakeFiles/CMakeTmp'
Building C object CMakeFiles/cmTC_f7386.dir/src.c.o
/usr/bin/cc -DCMAKE_HAVE_LIBC_PTHREAD  -fno-strict-aliasing -Werror=implicit-function-declaration -Werror=pointer-arith   -o CMakeFiles/cmTC_f7386.dir/src.c.o -c /home/Raymondbty/tek2/suicide_zappy/B-YEP-400-PAR-4-1-zappy-guillaume.clement-bonniel-veyron/CMakeFiles/CMakeTmp/src.c
Linking C executable cmTC_f7386
/usr/bin/cmake -E cmake_link_script CMakeFiles/cmTC_f7386.dir/link.txt --verbose=1
/usr/bin/cc -fno-strict-aliasing -Werror=implicit-function-declaration -Werror=pointer-arith   -rdynamic CMakeFiles/cmTC_f7386.dir/src.c.o -o cmTC_f7386 
/usr/bin/ld: CMakeFiles/cmTC_f7386.dir/src.c.o: in function `main':
src.c:(.text+0x2d): undefined reference to `pthread_create'
/usr/bin/ld: src.c:(.text+0x39): undefined reference to `pthread_detach'
/usr/bin/ld: src.c:(.text+0x45): undefined reference to `pthread_cancel'
/usr/bin/ld: src.c:(.text+0x56): undefined reference to `pthread_join'
collect2: error: ld returned 1 exit status
gmake[1]: *** [CMakeFiles/cmTC_f7386.dir/build.make:99: cmTC_f7386] Error 1
gmake[1]: Leaving directory '/home/Raymondbty/tek2/suicide_zappy/B-YEP-400-PAR-4-1-zappy-guillaume.clement-bonniel-veyron/CMakeFiles/CMakeTmp'
gmake: *** [Makefile:127: cmTC_f7386/fast] Error 2


Source file was:
#include <pthread.h>

static void* test_func(void* data)
{
  return data;
}

int main(void)
{
  pthread_t thread;
  pthread_create(&thread, NULL, test_func, NULL);
  pthread_detach(thread);
  pthread_cancel(thread);
  pthread_join(thread, NULL);
  pthread_atfork(NULL, NULL, NULL);
  pthread_exit(NULL);

  return 0;
}

Determining if the function pthread_create exists in the pthreads failed with the following output:
Change Dir: /home/Raymondbty/tek2/suicide_zappy/B-YEP-400-PAR-4-1-zappy-guillaume.clement-bonniel-veyron/CMakeFiles/CMakeTmp

Run Build Command(s):/usr/bin/gmake -f Makefile cmTC_cdaf1/fast && /usr/bin/gmake  -f CMakeFiles/cmTC_cdaf1.dir/build.make CMakeFiles/cmTC_cdaf1.dir/build
gmake[1]: Entering directory '/home/Raymondbty/tek2/suicide_zappy/B-YEP-400-PAR-4-1-zappy-guillaume.clement-bonniel-veyron/CMakeFiles/CMakeTmp'
Building C object CMakeFiles/cmTC_cdaf1.dir/CheckFunctionExists.c.o
/usr/bin/cc   -fno-strict-aliasing -Werror=implicit-function-declaration -Werror=pointer-arith  -DCHECK_FUNCTION_EXISTS=pthread_create -std=gnu99 -o CMakeFiles/cmTC_cdaf1.dir/CheckFunctionExists.c.o -c /usr/share/cmake/Modules/CheckFunctionExists.c
Linking C executable cmTC_cdaf1
/usr/bin/cmake -E cmake_link_script CMakeFiles/cmTC_cdaf1.dir/link.txt --verbose=1
/usr/bin/cc -fno-strict-aliasing -Werror=implicit-function-declaration -Werror=pointer-arith  -DCHECK_FUNCTION_EXISTS=pthread_create CMakeFiles/cmTC_cdaf1.dir/CheckFunctionExists.c.o -o cmTC_cdaf1  -lpthreads 
/usr/bin/ld: cannot find -lpthreads
collect2: error: ld returned 1 exit status
gmake[1]: *** [CMakeFiles/cmTC_cdaf1.dir/build.make:99: cmTC_cdaf1] Error 1
gmake[1]: Leaving directory '/home/Raymondbty/tek2/suicide_zappy/B-YEP-400-PAR-4-1-zappy-guillaume.clement-bonniel-veyron/CMakeFiles/CMakeTmp'
gmake: *** [Makefile:127: cmTC_cdaf1/fast] Error 2



